https://yts.mx/torrent/download/DCCA4828559E2FD52AB33631D51030C0CB93EB0D
Bill & Ted Face the Music
16.73338088198888
12.630459975485918
8.772660081550859
11.585536975362439
10.20223068860236
10.658250536924653
[34mℹ[39m [90m｢wds｣[39m: Project is running at http://192.168.86.93/
[34mℹ[39m [90m｢wds｣[39m: webpack output is served from 
[34mℹ[39m [90m｢wds｣[39m: Content not from webpack is served from /home/bmore/www/torrentInterface/torrent-interface/public
[34mℹ[39m [90m｢wds｣[39m: 404s will fallback to /
Starting the development server...

events.js:292
      throw er; // Unhandled 'error' event
      ^

Error: EBADF: bad file descriptor, read
Emitted 'error' event on ReadStream instance at:
    at internal/fs/streams.js:191:14
    at FSReqCallback.wrapper [as oncomplete] (fs.js:520:5) {
  errno: -9,
  code: 'EBADF',
  syscall: 'read'
}
[34mℹ[39m [90m｢wds｣[39m: Project is running at http://192.168.86.93/
[34mℹ[39m [90m｢wds｣[39m: webpack output is served from 
[34mℹ[39m [90m｢wds｣[39m: Content not from webpack is served from /home/bmore/www/torrentInterface/torrent-interface/public
[34mℹ[39m [90m｢wds｣[39m: 404s will fallback to /
Starting the development server...

events.js:292
      throw er; // Unhandled 'error' event
      ^

Error: EBADF: bad file descriptor, read
Emitted 'error' event on ReadStream instance at:
    at internal/fs/streams.js:191:14
    at FSReqCallback.wrapper [as oncomplete] (fs.js:520:5) {
  errno: -9,
  code: 'EBADF',
  syscall: 'read'
}
[34mℹ[39m [90m｢wds｣[39m: Project is running at http://192.168.86.93/
[34mℹ[39m [90m｢wds｣[39m: webpack output is served from 
[34mℹ[39m [90m｢wds｣[39m: Content not from webpack is served from /home/bmore/www/torrentInterface/torrent-interface/public
[34mℹ[39m [90m｢wds｣[39m: 404s will fallback to /
Starting the development server...

[34mℹ[39m [90m｢wds｣[39m: Project is running at http://192.168.86.93/
[34mℹ[39m [90m｢wds｣[39m: webpack output is served from 
[34mℹ[39m [90m｢wds｣[39m: Content not from webpack is served from /home/bmore/www/torrentInterface/torrent-interface/public
[34mℹ[39m [90m｢wds｣[39m: 404s will fallback to /
Starting the development server...

events.js:292
      throw er; // Unhandled 'error' event
      ^

Error: EBADF: bad file descriptor, read
Emitted 'error' event on ReadStream instance at:
    at internal/fs/streams.js:191:14
    at FSReqCallback.wrapper [as oncomplete] (fs.js:520:5) {
  errno: -9,
  code: 'EBADF',
  syscall: 'read'
}
